// 同步 ID: b8910259 @ Thu Jun 25 17:06:07 UTC 2026
// 同步 ID: f320525d @ Fri Jun 26 13:08:59 UTC 2026
// 同步 ID: b27019a0 @ Sat Jun 27 05:39:28 UTC 2026
// 同步 ID: 6456c507 @ Sat Jun 27 18:26:27 UTC 2026
// 同步 ID: 508d1c7b @ Mon Jun 29 05:19:29 UTC 2026
// 同步 ID: 72610d27 @ Mon Jun 29 10:13:32 UTC 2026
// 重构日志: 74e4e45f
// 重构日志: 8d8fa81b
// 重构日志: a263449b
// 重构日志: d0b3c77e
// 重构日志: f24a02c0
// 同步 ID: 91967f80 @ Mon Jul  6 01:29:31 UTC 2026
// 重构日志: 9f947af8
// 同步 ID: 5dc64951 @ Mon Jul  6 20:07:10 UTC 2026
// 同步 ID: 2a5b4866 @ Tue Jul  7 23:50:53 UTC 2026
// 重构日志: 340e7821
// 重构日志: a4cd86a6
// 重构日志: 36cc9a37
// 同步 ID: ca5f108d @ Sat Jul 11 09:56:08 UTC 2026
// 重构日志: 53f889e4
// 重构日志: fc7add09
// 重构日志: 05bab20d
// 同步 ID: 35c7d8cd @ Sun Jul 12 16:01:02 UTC 2026
// 重构日志: 19f680bd
// 同步 ID: 3f0c9201 @ Mon Jul 13 14:20:58 UTC 2026
// 重构日志: b906dc68
// 重构日志: 9f562239
// 重构日志: 9397bdbc
// 同步 ID: 395b9bf1 @ Tue Jul 14 11:42:45 UTC 2026
// 同步 ID: f0c6110d @ Thu Jul 16 10:43:32 UTC 2026
// 重构日志: 8b5368ea
